2024-06-04 20:25:54,831 INFO o.a.j.u.JMeterUtils: Setting Locale to en_EN
2024-06-04 20:25:54,841 INFO o.a.j.JMeter: Loading user properties from: C:\Users\muhibah.fata\Documents\Sanbercode\apache-jmeter-5.6.3\apache-jmeter-5.6.3\bin\user.properties
2024-06-04 20:25:54,842 INFO o.a.j.JMeter: Loading system properties from: C:\Users\muhibah.fata\Documents\Sanbercode\apache-jmeter-5.6.3\apache-jmeter-5.6.3\bin\system.properties
2024-06-04 20:25:54,847 INFO o.a.j.JMeter: Copyright (c) 1998-2024 The Apache Software Foundation
2024-06-04 20:25:54,847 INFO o.a.j.JMeter: Version 5.6.3
2024-06-04 20:25:54,847 INFO o.a.j.JMeter: java.version=1.8.0_351
2024-06-04 20:25:54,847 INFO o.a.j.JMeter: java.vm.name=Java HotSpot(TM) 64-Bit Server VM
2024-06-04 20:25:54,847 INFO o.a.j.JMeter: os.name=Windows 11
2024-06-04 20:25:54,847 INFO o.a.j.JMeter: os.arch=amd64
2024-06-04 20:25:54,847 INFO o.a.j.JMeter: os.version=10.0
2024-06-04 20:25:54,847 INFO o.a.j.JMeter: file.encoding=Cp1252
2024-06-04 20:25:54,847 INFO o.a.j.JMeter: java.awt.headless=true
2024-06-04 20:25:54,848 INFO o.a.j.JMeter: Max memory     =1073741824
2024-06-04 20:25:54,848 INFO o.a.j.JMeter: Available Processors =8
2024-06-04 20:25:54,849 INFO o.a.j.JMeter: Default Locale=English (EN)
2024-06-04 20:25:54,849 INFO o.a.j.JMeter: JMeter  Locale=English (EN)
2024-06-04 20:25:54,849 INFO o.a.j.JMeter: JMeterHome=C:\Users\muhibah.fata\Documents\Sanbercode\apache-jmeter-5.6.3\apache-jmeter-5.6.3
2024-06-04 20:25:54,849 INFO o.a.j.JMeter: user.dir  =C:\Users\muhibah.fata\Documents\Sanbercode\Quiz 4 - Muhibah Fata Tika\Results\General
2024-06-04 20:25:54,850 INFO o.a.j.JMeter: PWD       =C:\Users\muhibah.fata\Documents\Sanbercode\Quiz 4 - Muhibah Fata Tika\Results\General
2024-06-04 20:25:54,851 INFO o.a.j.JMeter: IP: 192.168.1.21 Name: AWDA-NB-0049 FullName: AWDA-NB-0049.maucash.local
2024-06-04 20:25:54,862 INFO o.a.j.JMeter: Setting property 'jmeter.reportgenerator.outputdir' to:'C:\Users\muhibah.fata\Documents\Sanbercode\Quiz 4 - Muhibah Fata Tika\Results\General\reportss'
2024-06-04 20:25:54,864 INFO o.a.j.r.d.ReportGenerator: ReportGenerator will use for Parsing the separator: ','
2024-06-04 20:25:54,865 INFO o.a.j.r.d.ReportGenerator: Will only generate report from results file: table_result_ver1.jtl
2024-06-04 20:25:54,865 INFO o.a.j.r.d.ReportGenerator: Reading report generator properties from: C:\Users\muhibah.fata\Documents\Sanbercode\apache-jmeter-5.6.3\apache-jmeter-5.6.3\bin\reportgenerator.properties
2024-06-04 20:25:54,865 INFO o.a.j.r.d.ReportGenerator: Merging with JMeter properties
2024-06-04 20:25:54,869 INFO o.a.j.r.c.ReportGeneratorConfiguration: Property 'jmeter.reportgenerator.temp_dir' not found, using default value 'temp' instead.
2024-06-04 20:25:54,871 INFO o.a.j.r.c.ReportGeneratorConfiguration: Property 'jmeter.reportgenerator.apdex_per_transaction' not found, using default value 'null' instead.
2024-06-04 20:25:54,874 INFO o.a.j.r.c.ReportGeneratorConfiguration: apdex_per_transaction is empty, not APDEX per transaction customization
2024-06-04 20:25:54,874 INFO o.a.j.r.c.ReportGeneratorConfiguration: Property 'jmeter.reportgenerator.sample_filter' not found, using default value 'null' instead.
2024-06-04 20:25:54,874 INFO o.a.j.r.c.ReportGeneratorConfiguration: Property 'jmeter.reportgenerator.report_title' not found, using default value 'null' instead.
2024-06-04 20:25:54,875 INFO o.a.j.r.c.ReportGeneratorConfiguration: Property 'jmeter.reportgenerator.start_date' not found, using default value 'null' instead.
2024-06-04 20:25:54,875 INFO o.a.j.r.c.ReportGeneratorConfiguration: Property 'jmeter.reportgenerator.end_date' not found, using default value 'null' instead.
2024-06-04 20:25:54,875 INFO o.a.j.r.c.ReportGeneratorConfiguration: Property 'jmeter.reportgenerator.date_format' not found, using default value 'null' instead.
2024-06-04 20:25:54,875 INFO o.a.j.r.c.ReportGeneratorConfiguration: Will use date range start date: null, end date: null
2024-06-04 20:25:54,878 INFO o.a.j.r.c.ReportGeneratorConfiguration: Property 'jmeter.reportgenerator.graph.totalTPS.exclude_controllers' not found, using default value 'false' instead.
2024-06-04 20:25:54,878 INFO o.a.j.r.c.ReportGeneratorConfiguration: Property 'jmeter.reportgenerator.graph.activeThreadsOverTime.exclude_controllers' not found, using default value 'false' instead.
2024-06-04 20:25:54,878 INFO o.a.j.r.c.ReportGeneratorConfiguration: Property 'jmeter.reportgenerator.graph.timeVsThreads.exclude_controllers' not found, using default value 'false' instead.
2024-06-04 20:25:54,878 INFO o.a.j.r.c.ReportGeneratorConfiguration: Property 'jmeter.reportgenerator.graph.responseTimeDistribution.exclude_controllers' not found, using default value 'false' instead.
2024-06-04 20:25:54,878 INFO o.a.j.r.c.ReportGeneratorConfiguration: Property 'jmeter.reportgenerator.graph.transactionsPerSecond.exclude_controllers' not found, using default value 'false' instead.
2024-06-04 20:25:54,878 INFO o.a.j.r.c.ReportGeneratorConfiguration: Property 'jmeter.reportgenerator.graph.responseTimePercentiles.exclude_controllers' not found, using default value 'false' instead.
2024-06-04 20:25:54,878 INFO o.a.j.r.c.ReportGeneratorConfiguration: Property 'jmeter.reportgenerator.graph.responseTimePercentilesOverTime.exclude_controllers' not found, using default value 'false' instead.
2024-06-04 20:25:54,878 INFO o.a.j.r.c.ReportGeneratorConfiguration: Property 'jmeter.reportgenerator.graph.responseTimesOverTime.exclude_controllers' not found, using default value 'false' instead.
2024-06-04 20:25:54,878 INFO o.a.j.r.c.ReportGeneratorConfiguration: Property 'jmeter.reportgenerator.graph.connectTimeOverTime.exclude_controllers' not found, using default value 'false' instead.
2024-06-04 20:25:54,879 INFO o.a.j.r.c.ReportGeneratorConfiguration: Property 'jmeter.reportgenerator.graph.latenciesOverTime.exclude_controllers' not found, using default value 'false' instead.
2024-06-04 20:25:54,879 INFO o.a.j.r.c.ReportGeneratorConfiguration: Property 'jmeter.reportgenerator.exporter.json.filters_only_sample_series' not found, using default value 'true' instead.
2024-06-04 20:25:54,879 INFO o.a.j.r.c.ReportGeneratorConfiguration: Property 'jmeter.reportgenerator.exporter.json.series_filter' not found, using default value '' instead.
2024-06-04 20:25:54,879 INFO o.a.j.r.c.ReportGeneratorConfiguration: Property 'jmeter.reportgenerator.exporter.json.show_controllers_only' not found, using default value 'false' instead.
2024-06-04 20:25:54,880 INFO o.a.j.r.c.ReportGeneratorConfiguration: Property 'jmeter.reportgenerator.exporter.html.filters_only_sample_series' not found, using default value 'true' instead.
2024-06-04 20:25:54,880 INFO o.a.j.r.c.ReportGeneratorConfiguration: Property 'jmeter.reportgenerator.exporter.html.series_filter' not found, using default value '' instead.
2024-06-04 20:25:54,880 INFO o.a.j.r.c.ReportGeneratorConfiguration: Property 'jmeter.reportgenerator.exporter.html.show_controllers_only' not found, using default value 'false' instead.
2024-06-04 20:25:54,981 INFO o.a.j.s.SaveService: Testplan (JMX) version: 2.2. Testlog (JTL) version: 2.2
2024-06-04 20:25:54,993 INFO o.a.j.s.SaveService: Using SaveService properties file encoding UTF-8
2024-06-04 20:25:54,997 INFO o.a.j.s.SaveService: Using SaveService properties version 5.0
2024-06-04 20:25:55,023 INFO o.a.j.r.p.NormalizerSampleConsumer: Using format, 'ms', to parse timeStamp field
2024-06-04 20:25:55,292 INFO o.a.j.r.p.AbstractSampleConsumer: class org.apache.jmeter.report.processor.AggregateConsumer#stopProducing(): beginDate produced 0 samples
2024-06-04 20:25:55,292 INFO o.a.j.r.p.AbstractSampleConsumer: class org.apache.jmeter.report.processor.AggregateConsumer#stopProducing(): endDate produced 0 samples
2024-06-04 20:25:55,294 INFO o.a.j.r.p.AbstractSampleConsumer: class org.apache.jmeter.report.processor.ApdexSummaryConsumer#stopProducing(): apdexSummary produced 0 samples
2024-06-04 20:25:55,294 INFO o.a.j.r.p.AbstractSampleConsumer: class org.apache.jmeter.report.processor.RequestsSummaryConsumer#stopProducing(): requestsSummary produced 0 samples
2024-06-04 20:25:55,296 INFO o.a.j.r.p.AbstractSampleConsumer: class org.apache.jmeter.report.processor.StatisticsSummaryConsumer#stopProducing(): statisticsSummary produced 0 samples
2024-06-04 20:25:55,298 INFO o.a.j.r.p.AbstractSampleConsumer: class org.apache.jmeter.report.processor.Top5ErrorsBySamplerConsumer#stopProducing(): top5ErrorsBySampler produced 0 samples
2024-06-04 20:25:55,298 INFO o.a.j.r.p.AbstractSampleConsumer: class org.apache.jmeter.report.processor.ErrorsSummaryConsumer#stopProducing(): errorsSummary produced 0 samples
2024-06-04 20:25:55,298 INFO o.a.j.r.p.AbstractSampleConsumer: class org.apache.jmeter.report.processor.graph.impl.HitsPerSecondGraphConsumer#stopProducing(): hitsPerSecond produced 0 samples
2024-06-04 20:25:55,311 INFO o.a.j.r.p.AbstractSampleConsumer: class org.apache.jmeter.report.processor.graph.impl.LatencyVSRequestGraphConsumer#stopProducing(): latencyVsRequest produced 0 samples
2024-06-04 20:25:55,311 INFO o.a.j.r.p.AbstractSampleConsumer: class org.apache.jmeter.report.processor.graph.impl.SyntheticResponseTimeDistributionGraphConsumer#stopProducing(): syntheticResponseTimeDistribution produced 0 samples
2024-06-04 20:25:55,312 INFO o.a.j.r.p.AbstractSampleConsumer: class org.apache.jmeter.report.processor.graph.impl.BytesThroughputGraphConsumer#stopProducing(): bytesThroughputOverTime produced 0 samples
2024-06-04 20:25:55,312 INFO o.a.j.r.p.AbstractSampleConsumer: class org.apache.jmeter.report.processor.graph.impl.CodesPerSecondGraphConsumer#stopProducing(): codesPerSecond produced 0 samples
2024-06-04 20:25:55,316 INFO o.a.j.r.p.AbstractSampleConsumer: class org.apache.jmeter.report.processor.graph.impl.ResponseTimeVSRequestGraphConsumer#stopProducing(): responseTimeVsRequest produced 0 samples
2024-06-04 20:25:55,316 INFO o.a.j.r.p.AbstractSampleConsumer: class org.apache.jmeter.report.processor.FilterConsumer#stopProducing(): startIntervalControlerFilter produced 217 samples
2024-06-04 20:25:55,316 INFO o.a.j.r.p.AbstractSampleConsumer: class org.apache.jmeter.report.processor.graph.impl.TotalTPSGraphConsumer#stopProducing(): totalTPS produced 0 samples
2024-06-04 20:25:55,316 INFO o.a.j.r.p.AbstractSampleConsumer: class org.apache.jmeter.report.processor.graph.impl.ActiveThreadsGraphConsumer#stopProducing(): activeThreadsOverTime produced 0 samples
2024-06-04 20:25:55,316 INFO o.a.j.r.p.AbstractSampleConsumer: class org.apache.jmeter.report.processor.graph.impl.TimeVSThreadGraphConsumer#stopProducing(): timeVsThreads produced 0 samples
2024-06-04 20:25:55,316 INFO o.a.j.r.p.AbstractSampleConsumer: class org.apache.jmeter.report.processor.graph.impl.ResponseTimeDistributionGraphConsumer#stopProducing(): responseTimeDistribution produced 0 samples
2024-06-04 20:25:55,316 INFO o.a.j.r.p.AbstractSampleConsumer: class org.apache.jmeter.report.processor.graph.impl.TransactionsPerSecondGraphConsumer#stopProducing(): transactionsPerSecond produced 0 samples
2024-06-04 20:25:55,316 INFO o.a.j.r.p.AbstractSampleConsumer: class org.apache.jmeter.report.processor.graph.impl.ResponseTimePercentilesGraphConsumer#stopProducing(): responseTimePercentiles produced 0 samples
2024-06-04 20:25:55,317 INFO o.a.j.r.p.AbstractSampleConsumer: class org.apache.jmeter.report.processor.graph.impl.ResponseTimePercentilesOverTimeGraphConsumer#stopProducing(): responseTimePercentilesOverTime produced 0 samples
2024-06-04 20:25:55,318 INFO o.a.j.r.p.AbstractSampleConsumer: class org.apache.jmeter.report.processor.graph.impl.ResponseTimeOverTimeGraphConsumer#stopProducing(): responseTimesOverTime produced 0 samples
2024-06-04 20:25:55,318 INFO o.a.j.r.p.AbstractSampleConsumer: class org.apache.jmeter.report.processor.graph.impl.ConnectTimeOverTimeGraphConsumer#stopProducing(): connectTimeOverTime produced 0 samples
2024-06-04 20:25:55,318 INFO o.a.j.r.p.AbstractSampleConsumer: class org.apache.jmeter.report.processor.graph.impl.LatencyOverTimeGraphConsumer#stopProducing(): latenciesOverTime produced 0 samples
2024-06-04 20:25:55,318 INFO o.a.j.r.p.AbstractSampleConsumer: class org.apache.jmeter.report.processor.FilterConsumer#stopProducing(): nameFilter produced 915 samples
2024-06-04 20:25:55,318 INFO o.a.j.r.p.AbstractSampleConsumer: class org.apache.jmeter.report.processor.FilterConsumer#stopProducing(): dateRangeFilter produced 183 samples
2024-06-04 20:25:55,318 INFO o.a.j.r.p.AbstractSampleConsumer: class org.apache.jmeter.report.processor.NormalizerSampleConsumer#stopProducing(): normalizer produced 61 samples
2024-06-04 20:25:55,319 INFO o.a.j.r.p.CsvFileSampleSource: produce(): 61 samples produced in 272ms on channel 0
2024-06-04 20:25:55,319 INFO o.a.j.r.d.ReportGenerator: Exporting data using exporter:'json' of className:'org.apache.jmeter.report.dashboard.JsonExporter'
2024-06-04 20:25:55,392 INFO o.a.j.r.d.JsonExporter: Found data for consumer statisticsSummary in context
2024-06-04 20:25:55,392 INFO o.a.j.r.d.JsonExporter: Creating statistics for overall
2024-06-04 20:25:55,392 INFO o.a.j.r.d.JsonExporter: Creating statistics for other transactions
2024-06-04 20:25:55,393 INFO o.a.j.r.d.JsonExporter: Checking output folder
2024-06-04 20:25:55,393 INFO o.a.j.r.d.JsonExporter: Writing statistics JSON to C:\Users\muhibah.fata\Documents\Sanbercode\Quiz 4 - Muhibah Fata Tika\Results\General\reportss\statistics.json
2024-06-04 20:25:55,435 INFO o.a.j.r.d.ReportGenerator: Exporting data using exporter:'html' of className:'org.apache.jmeter.report.dashboard.HtmlTemplateExporter'
2024-06-04 20:25:55,438 INFO o.a.j.r.d.HtmlTemplateExporter: Will generate dashboard in folder: C:\Users\muhibah.fata\Documents\Sanbercode\Quiz 4 - Muhibah Fata Tika\Results\General\reportss
2024-06-04 20:25:55,557 INFO o.a.j.r.d.HtmlTemplateExporter: Report will be generated in: C:\Users\muhibah.fata\Documents\Sanbercode\Quiz 4 - Muhibah Fata Tika\Results\General\reportss, creating folder structure
2024-06-04 20:25:55,560 INFO o.a.j.r.d.TemplateVisitor: Copying folder from 'C:\Users\muhibah.fata\Documents\Sanbercode\apache-jmeter-5.6.3\apache-jmeter-5.6.3\bin\report-template' to 'C:\Users\muhibah.fata\Documents\Sanbercode\Quiz 4 - Muhibah Fata Tika\Results\General\reportss', got message: C:\Users\muhibah.fata\Documents\Sanbercode\Quiz 4 - Muhibah Fata Tika\Results\General\reportss, found non empty folder with following content [C:\Users\muhibah.fata\Documents\Sanbercode\Quiz 4 - Muhibah Fata Tika\Results\General\reportss\statistics.json], will be ignored
