2024-06-04 23:09:00,146 INFO o.a.j.u.JMeterUtils: Setting Locale to en_EN
2024-06-04 23:09:00,224 INFO o.a.j.JMeter: Loading user properties from: C:\Users\ASUS\Downloads\apache-jmeter-5.6.3\bin\user.properties
2024-06-04 23:09:00,224 INFO o.a.j.JMeter: Loading system properties from: C:\Users\ASUS\Downloads\apache-jmeter-5.6.3\bin\system.properties
2024-06-04 23:09:00,255 INFO o.a.j.JMeter: Copyright (c) 1998-2024 The Apache Software Foundation
2024-06-04 23:09:00,255 INFO o.a.j.JMeter: Version 5.6.3
2024-06-04 23:09:00,255 INFO o.a.j.JMeter: java.version=22.0.1
2024-06-04 23:09:00,255 INFO o.a.j.JMeter: java.vm.name=Java HotSpot(TM) 64-Bit Server VM
2024-06-04 23:09:00,255 INFO o.a.j.JMeter: os.name=Windows 11
2024-06-04 23:09:00,255 INFO o.a.j.JMeter: os.arch=amd64
2024-06-04 23:09:00,255 INFO o.a.j.JMeter: os.version=10.0
2024-06-04 23:09:00,255 INFO o.a.j.JMeter: file.encoding=UTF-8
2024-06-04 23:09:00,255 INFO o.a.j.JMeter: java.awt.headless=true
2024-06-04 23:09:00,255 INFO o.a.j.JMeter: Max memory     =1073741824
2024-06-04 23:09:00,255 INFO o.a.j.JMeter: Available Processors =8
2024-06-04 23:09:00,318 INFO o.a.j.JMeter: Default Locale=English (EN)
2024-06-04 23:09:00,318 INFO o.a.j.JMeter: JMeter  Locale=English (EN)
2024-06-04 23:09:00,318 INFO o.a.j.JMeter: JMeterHome=C:\Users\ASUS\Downloads\apache-jmeter-5.6.3
2024-06-04 23:09:00,318 INFO o.a.j.JMeter: user.dir  =C:\Users\ASUS\Downloads\apache-jmeter-5.6.3\Quiz 4\Result\CreatePaymentToken_GENERAL
2024-06-04 23:09:00,318 INFO o.a.j.JMeter: PWD       =C:\Users\ASUS\Downloads\apache-jmeter-5.6.3\Quiz 4\Result\CreatePaymentToken_GENERAL
2024-06-04 23:09:00,318 INFO o.a.j.JMeter: IP: 192.168.1.4 Name: Athariq FullName: Athariq
2024-06-04 23:09:00,381 INFO o.a.j.JMeter: Setting property 'jmeter.reportgenerator.outputdir' to:'C:\Users\ASUS\Downloads\apache-jmeter-5.6.3\Quiz 4\Result\CreatePaymentToken_GENERAL\report'
2024-06-04 23:09:00,397 INFO o.a.j.r.d.ReportGenerator: ReportGenerator will use for Parsing the separator: ','
2024-06-04 23:09:00,397 INFO o.a.j.r.d.ReportGenerator: Will only generate report from results file: tree_result_General.jtl
2024-06-04 23:09:00,397 INFO o.a.j.r.d.ReportGenerator: Reading report generator properties from: C:\Users\ASUS\Downloads\apache-jmeter-5.6.3\bin\reportgenerator.properties
2024-06-04 23:09:00,397 INFO o.a.j.r.d.ReportGenerator: Merging with JMeter properties
2024-06-04 23:09:00,428 INFO o.a.j.r.c.ReportGeneratorConfiguration: Property 'jmeter.reportgenerator.temp_dir' not found, using default value 'temp' instead.
2024-06-04 23:09:00,428 INFO o.a.j.r.c.ReportGeneratorConfiguration: Property 'jmeter.reportgenerator.apdex_per_transaction' not found, using default value 'null' instead.
2024-06-04 23:09:00,475 INFO o.a.j.r.c.ReportGeneratorConfiguration: apdex_per_transaction is empty, not APDEX per transaction customization
2024-06-04 23:09:00,475 INFO o.a.j.r.c.ReportGeneratorConfiguration: Property 'jmeter.reportgenerator.sample_filter' not found, using default value 'null' instead.
2024-06-04 23:09:00,475 INFO o.a.j.r.c.ReportGeneratorConfiguration: Property 'jmeter.reportgenerator.report_title' not found, using default value 'null' instead.
2024-06-04 23:09:00,475 INFO o.a.j.r.c.ReportGeneratorConfiguration: Property 'jmeter.reportgenerator.start_date' not found, using default value 'null' instead.
2024-06-04 23:09:00,475 INFO o.a.j.r.c.ReportGeneratorConfiguration: Property 'jmeter.reportgenerator.end_date' not found, using default value 'null' instead.
2024-06-04 23:09:00,475 INFO o.a.j.r.c.ReportGeneratorConfiguration: Property 'jmeter.reportgenerator.date_format' not found, using default value 'null' instead.
2024-06-04 23:09:00,475 INFO o.a.j.r.c.ReportGeneratorConfiguration: Will use date range start date: null, end date: null
2024-06-04 23:09:00,491 INFO o.a.j.r.c.ReportGeneratorConfiguration: Property 'jmeter.reportgenerator.graph.totalTPS.exclude_controllers' not found, using default value 'false' instead.
2024-06-04 23:09:00,491 INFO o.a.j.r.c.ReportGeneratorConfiguration: Property 'jmeter.reportgenerator.graph.activeThreadsOverTime.exclude_controllers' not found, using default value 'false' instead.
2024-06-04 23:09:00,491 INFO o.a.j.r.c.ReportGeneratorConfiguration: Property 'jmeter.reportgenerator.graph.timeVsThreads.exclude_controllers' not found, using default value 'false' instead.
2024-06-04 23:09:00,491 INFO o.a.j.r.c.ReportGeneratorConfiguration: Property 'jmeter.reportgenerator.graph.responseTimeDistribution.exclude_controllers' not found, using default value 'false' instead.
2024-06-04 23:09:00,491 INFO o.a.j.r.c.ReportGeneratorConfiguration: Property 'jmeter.reportgenerator.graph.transactionsPerSecond.exclude_controllers' not found, using default value 'false' instead.
2024-06-04 23:09:00,491 INFO o.a.j.r.c.ReportGeneratorConfiguration: Property 'jmeter.reportgenerator.graph.responseTimePercentiles.exclude_controllers' not found, using default value 'false' instead.
2024-06-04 23:09:00,491 INFO o.a.j.r.c.ReportGeneratorConfiguration: Property 'jmeter.reportgenerator.graph.responseTimePercentilesOverTime.exclude_controllers' not found, using default value 'false' instead.
2024-06-04 23:09:00,491 INFO o.a.j.r.c.ReportGeneratorConfiguration: Property 'jmeter.reportgenerator.graph.responseTimesOverTime.exclude_controllers' not found, using default value 'false' instead.
2024-06-04 23:09:00,491 INFO o.a.j.r.c.ReportGeneratorConfiguration: Property 'jmeter.reportgenerator.graph.connectTimeOverTime.exclude_controllers' not found, using default value 'false' instead.
2024-06-04 23:09:00,507 INFO o.a.j.r.c.ReportGeneratorConfiguration: Property 'jmeter.reportgenerator.graph.latenciesOverTime.exclude_controllers' not found, using default value 'false' instead.
2024-06-04 23:09:00,507 INFO o.a.j.r.c.ReportGeneratorConfiguration: Property 'jmeter.reportgenerator.exporter.json.filters_only_sample_series' not found, using default value 'true' instead.
2024-06-04 23:09:00,507 INFO o.a.j.r.c.ReportGeneratorConfiguration: Property 'jmeter.reportgenerator.exporter.json.series_filter' not found, using default value '' instead.
2024-06-04 23:09:00,507 INFO o.a.j.r.c.ReportGeneratorConfiguration: Property 'jmeter.reportgenerator.exporter.json.show_controllers_only' not found, using default value 'false' instead.
2024-06-04 23:09:00,507 INFO o.a.j.r.c.ReportGeneratorConfiguration: Property 'jmeter.reportgenerator.exporter.html.filters_only_sample_series' not found, using default value 'true' instead.
2024-06-04 23:09:00,507 INFO o.a.j.r.c.ReportGeneratorConfiguration: Property 'jmeter.reportgenerator.exporter.html.series_filter' not found, using default value '' instead.
2024-06-04 23:09:00,507 INFO o.a.j.r.c.ReportGeneratorConfiguration: Property 'jmeter.reportgenerator.exporter.html.show_controllers_only' not found, using default value 'false' instead.
2024-06-04 23:09:01,244 INFO o.a.j.s.SaveService: Testplan (JMX) version: 2.2. Testlog (JTL) version: 2.2
2024-06-04 23:09:01,291 INFO o.a.j.s.SaveService: Using SaveService properties version 5.0
2024-06-04 23:09:01,307 INFO o.a.j.s.SaveService: Using SaveService properties file encoding UTF-8
2024-06-04 23:09:01,354 INFO o.a.j.r.p.NormalizerSampleConsumer: Using format, 'ms', to parse timeStamp field
2024-06-04 23:09:01,589 INFO o.a.j.r.p.AbstractSampleConsumer: class org.apache.jmeter.report.processor.AggregateConsumer#stopProducing(): beginDate produced 0 samples
2024-06-04 23:09:01,589 INFO o.a.j.r.p.AbstractSampleConsumer: class org.apache.jmeter.report.processor.AggregateConsumer#stopProducing(): endDate produced 0 samples
2024-06-04 23:09:01,589 INFO o.a.j.r.p.AbstractSampleConsumer: class org.apache.jmeter.report.processor.ApdexSummaryConsumer#stopProducing(): apdexSummary produced 0 samples
2024-06-04 23:09:01,589 INFO o.a.j.r.p.AbstractSampleConsumer: class org.apache.jmeter.report.processor.RequestsSummaryConsumer#stopProducing(): requestsSummary produced 0 samples
2024-06-04 23:09:01,589 INFO o.a.j.r.p.AbstractSampleConsumer: class org.apache.jmeter.report.processor.StatisticsSummaryConsumer#stopProducing(): statisticsSummary produced 0 samples
2024-06-04 23:09:01,605 INFO o.a.j.r.p.AbstractSampleConsumer: class org.apache.jmeter.report.processor.Top5ErrorsBySamplerConsumer#stopProducing(): top5ErrorsBySampler produced 0 samples
2024-06-04 23:09:01,605 INFO o.a.j.r.p.AbstractSampleConsumer: class org.apache.jmeter.report.processor.ErrorsSummaryConsumer#stopProducing(): errorsSummary produced 0 samples
2024-06-04 23:09:01,605 INFO o.a.j.r.p.AbstractSampleConsumer: class org.apache.jmeter.report.processor.graph.impl.HitsPerSecondGraphConsumer#stopProducing(): hitsPerSecond produced 0 samples
2024-06-04 23:09:01,636 INFO o.a.j.r.p.AbstractSampleConsumer: class org.apache.jmeter.report.processor.graph.impl.LatencyVSRequestGraphConsumer#stopProducing(): latencyVsRequest produced 0 samples
2024-06-04 23:09:01,636 INFO o.a.j.r.p.AbstractSampleConsumer: class org.apache.jmeter.report.processor.graph.impl.SyntheticResponseTimeDistributionGraphConsumer#stopProducing(): syntheticResponseTimeDistribution produced 0 samples
2024-06-04 23:09:01,636 INFO o.a.j.r.p.AbstractSampleConsumer: class org.apache.jmeter.report.processor.graph.impl.BytesThroughputGraphConsumer#stopProducing(): bytesThroughputOverTime produced 0 samples
2024-06-04 23:09:01,636 INFO o.a.j.r.p.AbstractSampleConsumer: class org.apache.jmeter.report.processor.graph.impl.CodesPerSecondGraphConsumer#stopProducing(): codesPerSecond produced 0 samples
2024-06-04 23:09:01,652 INFO o.a.j.r.p.AbstractSampleConsumer: class org.apache.jmeter.report.processor.graph.impl.ResponseTimeVSRequestGraphConsumer#stopProducing(): responseTimeVsRequest produced 0 samples
2024-06-04 23:09:01,652 INFO o.a.j.r.p.AbstractSampleConsumer: class org.apache.jmeter.report.processor.FilterConsumer#stopProducing(): startIntervalControlerFilter produced 903 samples
2024-06-04 23:09:01,652 INFO o.a.j.r.p.AbstractSampleConsumer: class org.apache.jmeter.report.processor.graph.impl.TotalTPSGraphConsumer#stopProducing(): totalTPS produced 0 samples
2024-06-04 23:09:01,652 INFO o.a.j.r.p.AbstractSampleConsumer: class org.apache.jmeter.report.processor.graph.impl.ActiveThreadsGraphConsumer#stopProducing(): activeThreadsOverTime produced 0 samples
2024-06-04 23:09:01,652 INFO o.a.j.r.p.AbstractSampleConsumer: class org.apache.jmeter.report.processor.graph.impl.TimeVSThreadGraphConsumer#stopProducing(): timeVsThreads produced 0 samples
2024-06-04 23:09:01,652 INFO o.a.j.r.p.AbstractSampleConsumer: class org.apache.jmeter.report.processor.graph.impl.ResponseTimeDistributionGraphConsumer#stopProducing(): responseTimeDistribution produced 0 samples
2024-06-04 23:09:01,652 INFO o.a.j.r.p.AbstractSampleConsumer: class org.apache.jmeter.report.processor.graph.impl.TransactionsPerSecondGraphConsumer#stopProducing(): transactionsPerSecond produced 0 samples
2024-06-04 23:09:01,652 INFO o.a.j.r.p.AbstractSampleConsumer: class org.apache.jmeter.report.processor.graph.impl.ResponseTimePercentilesGraphConsumer#stopProducing(): responseTimePercentiles produced 0 samples
2024-06-04 23:09:01,652 INFO o.a.j.r.p.AbstractSampleConsumer: class org.apache.jmeter.report.processor.graph.impl.ResponseTimePercentilesOverTimeGraphConsumer#stopProducing(): responseTimePercentilesOverTime produced 0 samples
2024-06-04 23:09:01,652 INFO o.a.j.r.p.AbstractSampleConsumer: class org.apache.jmeter.report.processor.graph.impl.ResponseTimeOverTimeGraphConsumer#stopProducing(): responseTimesOverTime produced 0 samples
2024-06-04 23:09:01,652 INFO o.a.j.r.p.AbstractSampleConsumer: class org.apache.jmeter.report.processor.graph.impl.ConnectTimeOverTimeGraphConsumer#stopProducing(): connectTimeOverTime produced 0 samples
2024-06-04 23:09:01,652 INFO o.a.j.r.p.AbstractSampleConsumer: class org.apache.jmeter.report.processor.graph.impl.LatencyOverTimeGraphConsumer#stopProducing(): latenciesOverTime produced 0 samples
2024-06-04 23:09:01,652 INFO o.a.j.r.p.AbstractSampleConsumer: class org.apache.jmeter.report.processor.FilterConsumer#stopProducing(): nameFilter produced 3840 samples
2024-06-04 23:09:01,652 INFO o.a.j.r.p.AbstractSampleConsumer: class org.apache.jmeter.report.processor.FilterConsumer#stopProducing(): dateRangeFilter produced 768 samples
2024-06-04 23:09:01,652 INFO o.a.j.r.p.AbstractSampleConsumer: class org.apache.jmeter.report.processor.NormalizerSampleConsumer#stopProducing(): normalizer produced 256 samples
2024-06-04 23:09:01,667 INFO o.a.j.r.p.CsvFileSampleSource: produce(): 256 samples produced in 251ms on channel 0
2024-06-04 23:09:01,667 INFO o.a.j.r.d.ReportGenerator: Exporting data using exporter:'json' of className:'org.apache.jmeter.report.dashboard.JsonExporter'
2024-06-04 23:09:01,793 INFO o.a.j.r.d.JsonExporter: Found data for consumer statisticsSummary in context
2024-06-04 23:09:01,793 INFO o.a.j.r.d.JsonExporter: Creating statistics for overall
2024-06-04 23:09:01,793 INFO o.a.j.r.d.JsonExporter: Creating statistics for other transactions
2024-06-04 23:09:01,793 INFO o.a.j.r.d.JsonExporter: Checking output folder
2024-06-04 23:09:01,793 INFO o.a.j.r.d.JsonExporter: Writing statistics JSON to C:\Users\ASUS\Downloads\apache-jmeter-5.6.3\Quiz 4\Result\CreatePaymentToken_GENERAL\report\statistics.json
2024-06-04 23:09:01,873 INFO o.a.j.r.d.ReportGenerator: Exporting data using exporter:'html' of className:'org.apache.jmeter.report.dashboard.HtmlTemplateExporter'
2024-06-04 23:09:01,873 INFO o.a.j.r.d.HtmlTemplateExporter: Will generate dashboard in folder: C:\Users\ASUS\Downloads\apache-jmeter-5.6.3\Quiz 4\Result\CreatePaymentToken_GENERAL\report
2024-06-04 23:09:02,112 INFO o.a.j.r.d.HtmlTemplateExporter: Report will be generated in: C:\Users\ASUS\Downloads\apache-jmeter-5.6.3\Quiz 4\Result\CreatePaymentToken_GENERAL\report, creating folder structure
2024-06-04 23:09:02,112 INFO o.a.j.r.d.TemplateVisitor: Copying folder from 'C:\Users\ASUS\Downloads\apache-jmeter-5.6.3\bin\report-template' to 'C:\Users\ASUS\Downloads\apache-jmeter-5.6.3\Quiz 4\Result\CreatePaymentToken_GENERAL\report', got message: C:\Users\ASUS\Downloads\apache-jmeter-5.6.3\Quiz 4\Result\CreatePaymentToken_GENERAL\report, found non empty folder with following content [C:\Users\ASUS\Downloads\apache-jmeter-5.6.3\Quiz 4\Result\CreatePaymentToken_GENERAL\report\statistics.json], will be ignored
